This is pdfTeX, Version 3.1415926-2.5-1.40.14 (TeX Live 2013/TeX Live for SUSE Linux) (format=pdflatex 2014.3.15)  28 MAR 2014 00:30
entering extended mode
 restricted \write18 enabled.
 %&-line parsing enabled.
**3d2.tex
(./3d2.tex
LaTeX2e <2011/06/27>
Babel <3.9f> and hyphenation patterns for 78 languages loaded.
(/usr/share/texmf/tex/latex/base/article.cls
Document Class: article 2007/10/19 v1.4h Standard LaTeX document class
(/usr/share/texmf/tex/latex/base/size11.clo
File: size11.clo 2007/10/19 v1.4h Standard LaTeX file (size option)
)
\c@part=\count79
\c@section=\count80
\c@subsection=\count81
\c@subsubsection=\count82
\c@paragraph=\count83
\c@subparagraph=\count84
\c@figure=\count85
\c@table=\count86
\abovecaptionskip=\skip41
\belowcaptionskip=\skip42
\bibindent=\dimen102
)
(/usr/share/texmf/tex/latex/graphics/graphicx.sty
Package: graphicx 1999/02/16 v1.0f Enhanced LaTeX Graphics (DPC,SPQR)

(/usr/share/texmf/tex/latex/graphics/keyval.sty
Package: keyval 1999/03/16 v1.13 key=value parser (DPC)
\KV@toks@=\toks14
)
(/usr/share/texmf/tex/latex/graphics/graphics.sty
Package: graphics 2009/02/05 v1.0o Standard LaTeX Graphics (DPC,SPQR)

(/usr/share/texmf/tex/latex/graphics/trig.sty
Package: trig 1999/03/16 v1.09 sin cos tan (DPC)
)
(/usr/share/texmf/tex/latex/latexconfig/graphics.cfg
File: graphics.cfg 2010/04/23 v1.9 graphics configuration of TeX Live
)
Package graphics Info: Driver file: pdftex.def on input line 91.

(/usr/share/texmf/tex/latex/pdftex-def/pdftex.def
File: pdftex.def 2011/05/27 v0.06d Graphics/color for pdfTeX

(/usr/share/texmf/tex/generic/oberdiek/infwarerr.sty
Package: infwarerr 2010/04/08 v1.3 Providing info/warning/error messages (HO)
)
(/usr/share/texmf/tex/generic/oberdiek/ltxcmds.sty
Package: ltxcmds 2011/11/09 v1.22 LaTeX kernel commands for general use (HO)
)
\Gread@gobject=\count87
))
\Gin@req@height=\dimen103
\Gin@req@width=\dimen104
) (./algorithmic.sty
Package: algorithmic 2009/08/24 v0.1 Document Style `algorithmic'

(/usr/share/texmf/tex/latex/base/ifthen.sty
Package: ifthen 2001/05/26 v1.1c Standard LaTeX ifthen package (DPC)
)
\c@ALC@unique=\count88
\c@ALC@line=\count89
\c@ALC@rem=\count90
\c@ALC@depth=\count91
\ALC@tlm=\skip43
\algorithmicindent=\skip44
) (./3d2.aux)
\openout1 = `3d2.aux'.

LaTeX Font Info:    Checking defaults for OML/cmm/m/it on input line 7.
LaTeX Font Info:    ... okay on input line 7.
LaTeX Font Info:    Checking defaults for T1/cmr/m/n on input line 7.
LaTeX Font Info:    ... okay on input line 7.
LaTeX Font Info:    Checking defaults for OT1/cmr/m/n on input line 7.
LaTeX Font Info:    ... okay on input line 7.
LaTeX Font Info:    Checking defaults for OMS/cmsy/m/n on input line 7.
LaTeX Font Info:    ... okay on input line 7.
LaTeX Font Info:    Checking defaults for OMX/cmex/m/n on input line 7.
LaTeX Font Info:    ... okay on input line 7.
LaTeX Font Info:    Checking defaults for U/cmr/m/n on input line 7.
LaTeX Font Info:    ... okay on input line 7.

(/usr/share/texmf/tex/context/base/supp-pdf.mkii
[Loading MPS to PDF converter (version 2006.09.02).]
\scratchcounter=\count92
\scratchdimen=\dimen105
\scratchbox=\box26
\nofMPsegments=\count93
\nofMParguments=\count94
\everyMPshowfont=\toks15
\MPscratchCnt=\count95
\MPscratchDim=\dimen106
\MPnumerator=\count96
\makeMPintoPDFobject=\count97
\everyMPtoPDFconversion=\toks16
) (/usr/share/texmf/tex/generic/oberdiek/pdftexcmds.sty
Package: pdftexcmds 2011/11/29 v0.20 Utility functions of pdfTeX for LuaTeX (HO
)

(/usr/share/texmf/tex/generic/oberdiek/ifluatex.sty
Package: ifluatex 2010/03/01 v1.3 Provides the ifluatex switch (HO)
Package ifluatex Info: LuaTeX not detected.
)
(/usr/share/texmf/tex/generic/oberdiek/ifpdf.sty
Package: ifpdf 2011/01/30 v2.3 Provides the ifpdf switch (HO)
Package ifpdf Info: pdfTeX in PDF mode is detected.
)
Package pdftexcmds Info: LuaTeX not detected.
Package pdftexcmds Info: \pdf@primitive is available.
Package pdftexcmds Info: \pdf@ifprimitive is available.
Package pdftexcmds Info: \pdfdraftmode found.
)
(/usr/share/texmf/tex/latex/oberdiek/epstopdf-base.sty
Package: epstopdf-base 2010/02/09 v2.5 Base part for package epstopdf

(/usr/share/texmf/tex/latex/oberdiek/grfext.sty
Package: grfext 2010/08/19 v1.1 Manage graphics extensions (HO)

(/usr/share/texmf/tex/generic/oberdiek/kvdefinekeys.sty
Package: kvdefinekeys 2011/04/07 v1.3 Define keys (HO)
))
(/usr/share/texmf/tex/latex/oberdiek/kvoptions.sty
Package: kvoptions 2011/06/30 v3.11 Key value format for package options (HO)

(/usr/share/texmf/tex/generic/oberdiek/kvsetkeys.sty
Package: kvsetkeys 2012/04/25 v1.16 Key value parser (HO)

(/usr/share/texmf/tex/generic/oberdiek/etexcmds.sty
Package: etexcmds 2011/02/16 v1.5 Avoid name clashes with e-TeX commands (HO)
Package etexcmds Info: Could not find \expanded.
(etexcmds)             That can mean that you are not using pdfTeX 1.50 or
(etexcmds)             that some package has redefined \expanded.
(etexcmds)             In the latter case, load this package earlier.
)))
Package grfext Info: Graphics extension search list:
(grfext)             [.png,.pdf,.jpg,.mps,.jpeg,.jbig2,.jb2,.PNG,.PDF,.JPG,.JPE
G,.JBIG2,.JB2,.eps]
(grfext)             \AppendGraphicsExtensions on input line 452.

(/usr/share/texmf/tex/latex/latexconfig/epstopdf-sys.cfg
File: epstopdf-sys.cfg 2010/07/13 v1.3 Configuration of (r)epstopdf for TeX Liv
e
))
LaTeX Font Info:    External font `cmex10' loaded for size
(Font)              <12> on input line 8.
LaTeX Font Info:    External font `cmex10' loaded for size
(Font)              <8> on input line 8.
LaTeX Font Info:    External font `cmex10' loaded for size
(Font)              <6> on input line 8.
 [1

{/usr/share/texmf/fonts/map/pdftex/updmap/pdftex.map}] (./3d2.toc
LaTeX Font Info:    External font `cmex10' loaded for size
(Font)              <10.95> on input line 2.
)
\tf@toc=\write3
\openout3 = `3d2.toc'.

 [2]
Underfull \hbox (badness 10000) in paragraph at lines 16--17

 []

LaTeX Font Info:    Try loading font information for OMS+cmr on input line 18.
(/usr/share/texmf/tex/latex/base/omscmr.fd
File: omscmr.fd 1999/05/25 v2.5h Standard LaTeX font definitions
)
LaTeX Font Info:    Font shape `OMS/cmr/m/n' in size <10.95> not available
(Font)              Font shape `OMS/cmsy/m/n' tried instead on input line 18.

Underfull \hbox (badness 10000) in paragraph at lines 30--42

 []


Underfull \hbox (badness 10000) in paragraph at lines 30--42

 []


Underfull \hbox (badness 10000) in paragraph at lines 30--42

 []


Underfull \hbox (badness 10000) in paragraph at lines 30--42

 []

[3] <3.png, id=18, 647.41875pt x 459.7175pt>
File: 3.png Graphic file (type png)
 <use 3.png>
Package pdftex.def Info: 3.png used on input line 64.
(pdftex.def)             Requested size: 240.4204pt x 170.71652pt.

Underfull \hbox (badness 10000) in paragraph at lines 68--72

 []


Underfull \hbox (badness 10000) in paragraph at lines 68--72

 []

[4 <./3.png>] <1.png, id=24, 282.05376pt x 204.765pt>
File: 1.png Graphic file (type png)
 <use 1.png>
Package pdftex.def Info: 1.png used on input line 91.
(pdftex.def)             Requested size: 195.97298pt x 142.26378pt.

<2.png, id=25, 545.03625pt x 348.30125pt>
File: 2.png Graphic file (type png)
 <use 2.png>
Package pdftex.def Info: 2.png used on input line 96.
(pdftex.def)             Requested size: 267.14494pt x 170.71652pt.


LaTeX Warning: `h' float specifier changed to `ht'.

<7.png, id=26, 280.04625pt x 132.495pt>
File: 7.png Graphic file (type png)
 <use 7.png>
Package pdftex.def Info: 7.png used on input line 101.
(pdftex.def)             Requested size: 180.41692pt x 85.35826pt.


LaTeX Warning: `h' float specifier changed to `ht'.

[5 <./1.png>] <8.png, id=31, 350.30875pt x 131.49126pt>
File: 8.png Graphic file (type png)
 <use 8.png>
Package pdftex.def Info: 8.png used on input line 112.
(pdftex.def)             Requested size: 175.15395pt x 65.74545pt.

Underfull \hbox (badness 10000) in paragraph at lines 105--117

 []


Underfull \hbox (badness 10000) in paragraph at lines 105--117

 []


Underfull \hbox (badness 10000) in paragraph at lines 105--117

 []

[6 <./2.png> <./7.png> <./8.png>]
Underfull \hbox (badness 10000) in paragraph at lines 137--141

 []


Underfull \hbox (badness 10000) in paragraph at lines 137--141

 []


Underfull \hbox (badness 10000) in paragraph at lines 137--141

 []

<4.png, id=35, 333.245pt x 195.73125pt>
File: 4.png Graphic file (type png)
 <use 4.png>
Package pdftex.def Info: 4.png used on input line 161.
(pdftex.def)             Requested size: 266.59634pt x 156.58519pt.

Underfull \hbox (badness 10000) in paragraph at lines 164--171

 []


Underfull \hbox (badness 10000) in paragraph at lines 164--171

 []


Underfull \hbox (badness 10000) in paragraph at lines 164--171

 []

[7] <5.png, id=40, 432.61626pt x 243.91125pt>
File: 5.png Graphic file (type png)
 <use 5.png>
Package pdftex.def Info: 5.png used on input line 192.
(pdftex.def)             Requested size: 259.57176pt x 146.34787pt.

Underfull \hbox (badness 10000) in paragraph at lines 195--198

 []


Underfull \hbox (badness 10000) in paragraph at lines 195--198

 []


Underfull \hbox (badness 10000) in paragraph at lines 195--198

 []

[8 <./4.png>]
Underfull \hbox (badness 10000) in paragraph at lines 212--216

 []


Underfull \hbox (badness 10000) in paragraph at lines 212--216

 []


Underfull \hbox (badness 10000) in paragraph at lines 212--216

 []

[9 <./5.png>]
Underfull \hbox (badness 10000) in paragraph at lines 234--238

 []


Underfull \hbox (badness 10000) in paragraph at lines 234--238

 []


Overfull \hbox (19.38516pt too wide) in paragraph at lines 234--238
\OT1/cmr/m/n/10.95 clicks a PM which is turned on,changes its state to OFF by c
all-ing switchOffPM()
 []


Underfull \hbox (badness 10000) in paragraph at lines 234--238

 []

[10]
Underfull \hbox (badness 10000) in paragraph at lines 276--278

 []


Underfull \hbox (badness 10000) in paragraph at lines 287--289

 []


Underfull \hbox (badness 10000) in paragraph at lines 293--295

 []

[11]
Underfull \hbox (badness 10000) in paragraph at lines 324--336

 []


Underfull \hbox (badness 10000) in paragraph at lines 346--360

 []

[12]
Underfull \hbox (badness 10000) in paragraph at lines 368--380

 []


Underfull \hbox (badness 10000) in paragraph at lines 388--401

 []

[13]
Underfull \hbox (badness 10000) in paragraph at lines 415--417

 []


Overfull \hbox (48.71883pt too wide) in paragraph at lines 415--417
\OT1/cmr/m/n/10.95 Method used to sort PM's and VM's.                          
                            
 []


Underfull \hbox (badness 10000) in paragraph at lines 426--427

 []


Underfull \hbox (badness 10000) in paragraph at lines 426--427

 []

[14] (./3d2.aux) ) 
Here is how much of TeX's memory you used:
 1733 strings out of 493315
 23200 string characters out of 6145893
 86099 words of memory out of 5000000
 5174 multiletter control sequences out of 15000+600000
 9456 words of font info for 33 fonts, out of 8000000 for 9000
 957 hyphenation exceptions out of 8191
 37i,9n,23p,264b,531s stack positions out of 5000i,500n,10000p,200000b,80000s
</usr/share/texmf/fonts/type1/public/amsfonts/cm/cmbx10.pfb><
/usr/share/texmf/fonts/type1/public/amsfonts/cm/cmbx12.pfb></usr/share/texmf/fo
nts/type1/public/amsfonts/cm/cmmi10.pfb></usr/share/texmf/fonts/type1/public/am
sfonts/cm/cmr10.pfb></usr/share/texmf/fonts/type1/public/amsfonts/cm/cmr12.pfb>
</usr/share/texmf/fonts/type1/public/amsfonts/cm/cmr17.pfb></usr/share/texmf/fo
nts/type1/public/amsfonts/cm/cmr9.pfb></usr/share/texmf/fonts/type1/public/amsf
onts/cm/cmsy10.pfb></usr/share/texmf/fonts/type1/public/amsfonts/cm/cmti10.pfb>

Output written on 3d2.pdf (14 pages, 184310 bytes).
PDF statistics:
 93 PDF objects out of 1000 (max. 8388607)
 60 compressed objects within 1 object stream
 0 named destinations out of 1000 (max. 500000)
 36 words of extra memory for PDF output out of 10000 (max. 10000000)

