This is pdfTeX, Version 3.1415926-1.40.11 (TeX Live 2010) (format=pdflatex 2013.7.12)  29 MAR 2014 17:21
entering extended mode
 restricted \write18 enabled.
 %&-line parsing enabled.
**last.tex
(./last.tex
LaTeX2e <2009/09/24>
Babel <v3.8l> and hyphenation patterns for english, dumylang, nohyphenation, ge
rman-x-2009-06-19, ngerman-x-2009-06-19, ancientgreek, ibycus, arabic, armenian
, basque, bulgarian, catalan, pinyin, coptic, croatian, czech, danish, dutch, u
kenglish, usenglishmax, esperanto, estonian, farsi, finnish, french, galician, 
german, ngerman, swissgerman, monogreek, greek, hungarian, icelandic, assamese,
 bengali, gujarati, hindi, kannada, malayalam, marathi, oriya, panjabi, tamil, 
telugu, indonesian, interlingua, irish, italian, kurmanji, lao, latin, latvian,
 lithuanian, mongolian, mongolianlmc, bokmal, nynorsk, polish, portuguese, roma
nian, russian, sanskrit, serbian, slovak, slovenian, spanish, swedish, turkish,
 turkmen, ukrainian, uppersorbian, welsh, loaded.
(/usr/share/texmf/tex/latex/base/article.cls
Document Class: article 2007/10/19 v1.4h Standard LaTeX document class
(/usr/share/texmf/tex/latex/base/size11.clo
File: size11.clo 2007/10/19 v1.4h Standard LaTeX file (size option)
)
\c@part=\count79
\c@section=\count80
\c@subsection=\count81
\c@subsubsection=\count82
\c@paragraph=\count83
\c@subparagraph=\count84
\c@figure=\count85
\c@table=\count86
\abovecaptionskip=\skip41
\belowcaptionskip=\skip42
\bibindent=\dimen102
)
(/usr/share/texmf/tex/latex/graphics/graphicx.sty
Package: graphicx 1999/02/16 v1.0f Enhanced LaTeX Graphics (DPC,SPQR)

(/usr/share/texmf/tex/latex/graphics/keyval.sty
Package: keyval 1999/03/16 v1.13 key=value parser (DPC)
\KV@toks@=\toks14
)
(/usr/share/texmf/tex/latex/graphics/graphics.sty
Package: graphics 2009/02/05 v1.0o Standard LaTeX Graphics (DPC,SPQR)

(/usr/share/texmf/tex/latex/graphics/trig.sty
Package: trig 1999/03/16 v1.09 sin cos tan (DPC)
)
(/usr/share/texmf/tex/latex/latexconfig/graphics.cfg
File: graphics.cfg 2010/04/23 v1.9 graphics configuration of TeX Live
)
Package graphics Info: Driver file: pdftex.def on input line 91.

(/usr/share/texmf/tex/latex/pdftex-def/pdftex.def
File: pdftex.def 2010/02/14 v0.04n Graphics/color for pdfTeX
\Gread@gobject=\count87
))
\Gin@req@height=\dimen103
\Gin@req@width=\dimen104
) (./algorithmic.sty
Package: algorithmic 2009/08/24 v0.1 Document Style `algorithmic'

(/usr/share/texmf/tex/latex/base/ifthen.sty
Package: ifthen 2001/05/26 v1.1c Standard LaTeX ifthen package (DPC)
)
\c@ALC@unique=\count88
\c@ALC@line=\count89
\c@ALC@rem=\count90
\c@ALC@depth=\count91
\ALC@tlm=\skip43
\algorithmicindent=\skip44
) (./last.aux)
\openout1 = `last.aux'.

LaTeX Font Info:    Checking defaults for OML/cmm/m/it on input line 7.
LaTeX Font Info:    ... okay on input line 7.
LaTeX Font Info:    Checking defaults for T1/cmr/m/n on input line 7.
LaTeX Font Info:    ... okay on input line 7.
LaTeX Font Info:    Checking defaults for OT1/cmr/m/n on input line 7.
LaTeX Font Info:    ... okay on input line 7.
LaTeX Font Info:    Checking defaults for OMS/cmsy/m/n on input line 7.
LaTeX Font Info:    ... okay on input line 7.
LaTeX Font Info:    Checking defaults for OMX/cmex/m/n on input line 7.
LaTeX Font Info:    ... okay on input line 7.
LaTeX Font Info:    Checking defaults for U/cmr/m/n on input line 7.
LaTeX Font Info:    ... okay on input line 7.

(/usr/share/texmf/tex/context/base/supp-pdf.mkii
[Loading MPS to PDF converter (version 2006.09.02).]
\scratchcounter=\count92
\scratchdimen=\dimen105
\scratchbox=\box26
\nofMPsegments=\count93
\nofMParguments=\count94
\everyMPshowfont=\toks15
\MPscratchCnt=\count95
\MPscratchDim=\dimen106
\MPnumerator=\count96
\everyMPtoPDFconversion=\toks16
) (/usr/share/texmf/tex/generic/oberdiek/pdftexcmds.sty
Package: pdftexcmds 2010/04/01 v0.9 Utility functions of pdfTeX for LuaTeX (HO)


(/usr/share/texmf/tex/generic/oberdiek/infwarerr.sty
Package: infwarerr 2010/04/08 v1.3 Providing info/warning/message (HO)
)
(/usr/share/texmf/tex/generic/oberdiek/ifluatex.sty
Package: ifluatex 2010/03/01 v1.3 Provides the ifluatex switch (HO)
Package ifluatex Info: LuaTeX not detected.
)
(/usr/share/texmf/tex/generic/oberdiek/ltxcmds.sty
Package: ltxcmds 2010/04/26 v1.7 LaTeX kernel commands for general use (HO)
)
Package pdftexcmds Info: LuaTeX not detected.
Package pdftexcmds Info: \pdf@primitive is available.
Package pdftexcmds Info: \pdf@ifprimitive is available.
)
(/usr/share/texmf/tex/latex/oberdiek/epstopdf-base.sty
Package: epstopdf-base 2010/02/09 v2.5 Base part for package epstopdf

(/usr/share/texmf/tex/latex/oberdiek/grfext.sty
Package: grfext 2007/09/30 v1.0 Managing graphics extensions (HO)
)
(/usr/share/texmf/tex/latex/oberdiek/kvoptions.sty
Package: kvoptions 2010/02/22 v3.7 Keyval support for LaTeX options (HO)

(/usr/share/texmf/tex/generic/oberdiek/kvsetkeys.sty
Package: kvsetkeys 2010/03/01 v1.9 Key value parser (HO)

(/usr/share/texmf/tex/generic/oberdiek/etexcmds.sty
Package: etexcmds 2010/01/28 v1.3 Prefix for e-TeX command names (HO)
Package etexcmds Info: Could not find \expanded.
(etexcmds)             That can mean that you are not using pdfTeX 1.50 or
(etexcmds)             that some package has redefined \expanded.
(etexcmds)             In the latter case, load this package earlier.
)))
Package grfext Info: Graphics extension search list:
(grfext)             [.png,.pdf,.jpg,.mps,.jpeg,.jbig2,.jb2,.PNG,.PDF,.JPG,.JPE
G,.JBIG2,.JB2,.eps]
(grfext)             \AppendGraphicsExtensions on input line 436.

(/usr/share/texmf/tex/latex/latexconfig/epstopdf-sys.cfg
File: epstopdf-sys.cfg 2010/07/13 v1.3 Configuration of (r)epstopdf for TeX Liv
e
))
LaTeX Font Info:    External font `cmex10' loaded for size
(Font)              <12> on input line 8.
LaTeX Font Info:    External font `cmex10' loaded for size
(Font)              <8> on input line 8.
LaTeX Font Info:    External font `cmex10' loaded for size
(Font)              <6> on input line 8.
 [1

{/var/lib/texmf/fonts/map/pdftex/updmap/pdftex.map}] (./last.toc
LaTeX Font Info:    External font `cmex10' loaded for size
(Font)              <10.95> on input line 2.
)
\tf@toc=\write3
\openout3 = `last.toc'.

 [2]
Underfull \hbox (badness 10000) in paragraph at lines 16--17

 []

LaTeX Font Info:    Try loading font information for OMS+cmr on input line 18.
(/usr/share/texmf/tex/latex/base/omscmr.fd
File: omscmr.fd 1999/05/25 v2.5h Standard LaTeX font definitions
)
LaTeX Font Info:    Font shape `OMS/cmr/m/n' in size <10.95> not available
(Font)              Font shape `OMS/cmsy/m/n' tried instead on input line 18.

Underfull \hbox (badness 10000) in paragraph at lines 29--41

 []


Underfull \hbox (badness 10000) in paragraph at lines 29--41

 []


Underfull \hbox (badness 10000) in paragraph at lines 29--41

 []


Underfull \hbox (badness 10000) in paragraph at lines 29--41

 []

[3] <3.png, id=18, 547.04375pt x 304.13625pt>
File: 3.png Graphic file (type png)
 <use 3.png>
Underfull \hbox (badness 10000) in paragraph at lines 67--71

 []


Underfull \hbox (badness 10000) in paragraph at lines 67--71

 []

[4 <./3.png (PNG copy)>] <1.png, id=24, 282.05376pt x 204.765pt>
File: 1.png Graphic file (type png)
 <use 1.png>
<2.png, id=25, 545.03625pt x 348.30125pt>
File: 2.png Graphic file (type png)
 <use 2.png>

LaTeX Warning: `h' float specifier changed to `ht'.

<7.png, id=26, 280.04625pt x 132.495pt>
File: 7.png Graphic file (type png)
 <use 7.png>

LaTeX Warning: `h' float specifier changed to `ht'.

[5 <./1.png (PNG copy)>] <8.png, id=31, 350.30875pt x 131.49126pt>
File: 8.png Graphic file (type png)
 <use 8.png>
Underfull \hbox (badness 10000) in paragraph at lines 104--116

 []


Underfull \hbox (badness 10000) in paragraph at lines 104--116

 []


Underfull \hbox (badness 10000) in paragraph at lines 104--116

 []

[6 <./2.png (PNG copy)> <./7.png (PNG copy)> <./8.png (PNG copy)>]
Underfull \hbox (badness 10000) in paragraph at lines 136--140

 []


Underfull \hbox (badness 10000) in paragraph at lines 136--140

 []


Underfull \hbox (badness 10000) in paragraph at lines 136--140

 []

<4.png, id=35, 333.245pt x 195.73125pt>
File: 4.png Graphic file (type png)
 <use 4.png>
Underfull \hbox (badness 10000) in paragraph at lines 163--170

 []


Underfull \hbox (badness 10000) in paragraph at lines 163--170

 []


Underfull \hbox (badness 10000) in paragraph at lines 163--170

 []

[7] <5.png, id=40, 432.61626pt x 243.91125pt>
File: 5.png Graphic file (type png)
 <use 5.png>
Underfull \hbox (badness 10000) in paragraph at lines 194--197

 []


Underfull \hbox (badness 10000) in paragraph at lines 194--197

 []


Underfull \hbox (badness 10000) in paragraph at lines 194--197

 []

[8 <./4.png (PNG copy)>]
Underfull \hbox (badness 10000) in paragraph at lines 211--215

 []


Underfull \hbox (badness 10000) in paragraph at lines 211--215

 []


Underfull \hbox (badness 10000) in paragraph at lines 211--215

 []

[9 <./5.png (PNG copy)>]
Underfull \hbox (badness 10000) in paragraph at lines 233--237

 []


Underfull \hbox (badness 10000) in paragraph at lines 233--237

 []


Overfull \hbox (19.38516pt too wide) in paragraph at lines 233--237
\OT1/cmr/m/n/10.95 clicks a PM which is turned on,changes its state to OFF by c
all-ing switchOffPM()
 []


Underfull \hbox (badness 10000) in paragraph at lines 233--237

 []

[10]
Underfull \hbox (badness 10000) in paragraph at lines 275--277

 []


Underfull \hbox (badness 10000) in paragraph at lines 286--288

 []


Underfull \hbox (badness 10000) in paragraph at lines 292--294

 []

[11]
Underfull \hbox (badness 10000) in paragraph at lines 323--335

 []


Underfull \hbox (badness 10000) in paragraph at lines 345--359

 []

[12]
Underfull \hbox (badness 10000) in paragraph at lines 367--379

 []


Underfull \hbox (badness 10000) in paragraph at lines 387--400

 []

[13]
Underfull \hbox (badness 10000) in paragraph at lines 414--416

 []


Overfull \hbox (48.71883pt too wide) in paragraph at lines 414--416
\OT1/cmr/m/n/10.95 Method used to sort PM's and VM's.                          
                            
 []


Underfull \hbox (badness 10000) in paragraph at lines 425--426

 []


Underfull \hbox (badness 10000) in paragraph at lines 425--426

 []

[14] (./last.aux) ) 
Here is how much of TeX's memory you used:
 1544 strings out of 493747
 20267 string characters out of 3151242
 78777 words of memory out of 3500000
 4831 multiletter control sequences out of 15000+200000
 9456 words of font info for 33 fonts, out of 3000000 for 9000
 714 hyphenation exceptions out of 8191
 37i,9n,23p,286b,531s stack positions out of 5000i,500n,10000p,200000b,50000s
</usr/share/texmf/fonts/type1/public/amsfonts/cm/cmbx10.pfb>
</usr/share/texmf/fonts/type1/public/amsfonts/cm/cmbx12.pfb></usr/share/texmf/f
onts/type1/public/amsfonts/cm/cmmi10.pfb></usr/share/texmf/fonts/type1/public/a
msfonts/cm/cmr10.pfb></usr/share/texmf/fonts/type1/public/amsfonts/cm/cmr12.pfb
></usr/share/texmf/fonts/type1/public/amsfonts/cm/cmr17.pfb></usr/share/texmf/f
onts/type1/public/amsfonts/cm/cmr9.pfb></usr/share/texmf/fonts/type1/public/ams
fonts/cm/cmsy10.pfb></usr/share/texmf/fonts/type1/public/amsfonts/cm/cmti10.pfb
>
Output written on last.pdf (14 pages, 193615 bytes).
PDF statistics:
 93 PDF objects out of 1000 (max. 8388607)
 60 compressed objects within 1 object stream
 0 named destinations out of 1000 (max. 500000)
 36 words of extra memory for PDF output out of 10000 (max. 10000000)

